<?xml version="1.0" encoding="UTF-8"?>
<robot generator="Robot 3.2.1 (Python 3.7.2 on win32)" generated="20200629 21:17:17.421" rpa="false">
<suite id="s1" name="RobotProject1" source="C:\Users\Dom\eclipse-workspace\RobotProject1">
<suite id="s1-s1" name="Test" source="C:\Users\Dom\eclipse-workspace\RobotProject1\test">
<suite id="s1-s1-s1" name="TestSuite1" source="C:\Users\Dom\eclipse-workspace\RobotProject1\test\TestSuite1.robot">
<test id="s1-s1-s1-t1" name="SampleLoginTest">
<kw name="Open Browser" library="SeleniumLibrary">
<doc>Opens a new browser instance to the optional ``url``.</doc>
<arguments>
<arg>${URL2}</arg>
<arg>chrome</arg>
</arguments>
<msg timestamp="20200629 21:17:17.755" level="INFO">Opening browser 'chrome' to base url 'https://opensource-demo.orangehrmlive.com/'.</msg>
<status status="PASS" starttime="20200629 21:17:17.754" endtime="20200629 21:17:22.683"></status>
</kw>
<kw name="Set Browser Implicit Wait" library="SeleniumLibrary">
<doc>Sets the implicit wait value used by Selenium.</doc>
<arguments>
<arg>5</arg>
</arguments>
<status status="PASS" starttime="20200629 21:17:22.684" endtime="20200629 21:17:22.686"></status>
</kw>
<kw name="Input Text" library="SeleniumLibrary">
<doc>Types the given ``text`` into the text field identified by ``locator``.</doc>
<arguments>
<arg>id=txtUsername</arg>
<arg>@{CREDENTIALS}[0]</arg>
</arguments>
<msg timestamp="20200629 21:17:22.687" level="WARN">Accessing variable items using '@{CREDENTIALS}[0]' syntax is deprecated. Use '${CREDENTIALS}[0]' instead.</msg>
<msg timestamp="20200629 21:17:22.687" level="INFO">Typing text 'Admin' into text field 'id=txtUsername'.</msg>
<status status="PASS" starttime="20200629 21:17:22.687" endtime="20200629 21:17:22.815"></status>
</kw>
<kw name="Input Password" library="SeleniumLibrary">
<doc>Types the given password into the text field identified by ``locator``.</doc>
<arguments>
<arg>id=txtPassword</arg>
<arg>&amp;{LOGINDATA}[password]</arg>
</arguments>
<msg timestamp="20200629 21:17:22.816" level="WARN">Accessing variable items using '&amp;{LOGINDATA}[password]' syntax is deprecated. Use '${LOGINDATA}[password]' instead.</msg>
<msg timestamp="20200629 21:17:22.817" level="INFO">Typing password into text field 'id=txtPassword'.</msg>
<msg timestamp="20200629 21:17:22.863" level="INFO">Temporally setting log level to: NONE</msg>
<msg timestamp="20200629 21:17:22.925" level="INFO">Log level changed from NONE to INFO.</msg>
<status status="PASS" starttime="20200629 21:17:22.816" endtime="20200629 21:17:22.925"></status>
</kw>
<kw name="Click Button" library="SeleniumLibrary">
<doc>Clicks the button identified by ``locator``.</doc>
<arguments>
<arg>id=btnLogin</arg>
</arguments>
<msg timestamp="20200629 21:17:22.926" level="INFO">Clicking button 'id=btnLogin'.</msg>
<status status="PASS" starttime="20200629 21:17:22.926" endtime="20200629 21:17:25.782"></status>
</kw>
<kw name="Click Element" library="SeleniumLibrary">
<doc>Click the element identified by ``locator``.</doc>
<arguments>
<arg>id=welcome</arg>
</arguments>
<msg timestamp="20200629 21:17:25.783" level="INFO">Clicking element 'id=welcome'.</msg>
<status status="PASS" starttime="20200629 21:17:25.782" endtime="20200629 21:17:26.626"></status>
</kw>
<kw name="Click Element" library="SeleniumLibrary">
<doc>Click the element identified by ``locator``.</doc>
<arguments>
<arg>link=Logout</arg>
</arguments>
<msg timestamp="20200629 21:17:26.627" level="INFO">Clicking element 'link=Logout'.</msg>
<status status="PASS" starttime="20200629 21:17:26.627" endtime="20200629 21:17:27.424"></status>
</kw>
<kw name="Close Browser" library="SeleniumLibrary">
<doc>Closes the current browser.</doc>
<status status="PASS" starttime="20200629 21:17:27.424" endtime="20200629 21:17:29.551"></status>
</kw>
<kw name="Log" library="BuiltIn">
<doc>Logs the given message with the given level.</doc>
<arguments>
<arg>Test completed</arg>
</arguments>
<msg timestamp="20200629 21:17:29.552" level="INFO">Test completed</msg>
<status status="PASS" starttime="20200629 21:17:29.551" endtime="20200629 21:17:29.552"></status>
</kw>
<kw name="Log" library="BuiltIn">
<doc>Logs the given message with the given level.</doc>
<arguments>
<arg>This test was executed by %{username} on %{os}</arg>
</arguments>
<msg timestamp="20200629 21:17:29.553" level="INFO">This test was executed by Dom on Windows_NT</msg>
<status status="PASS" starttime="20200629 21:17:29.553" endtime="20200629 21:17:29.553"></status>
</kw>
<doc>This is sample login test</doc>
<status status="PASS" starttime="20200629 21:17:17.753" endtime="20200629 21:17:29.554" critical="yes"></status>
</test>
<status status="PASS" starttime="20200629 21:17:17.502" endtime="20200629 21:17:29.555"></status>
</suite>
<status status="PASS" starttime="20200629 21:17:17.498" endtime="20200629 21:17:29.559"></status>
</suite>
<status status="PASS" starttime="20200629 21:17:17.465" endtime="20200629 21:17:29.561"></status>
</suite>
<statistics>
<total>
<stat pass="1" fail="0">Critical Tests</stat>
<stat pass="1" fail="0">All Tests</stat>
</total>
<tag>
</tag>
<suite>
<stat pass="1" fail="0" id="s1" name="RobotProject1">RobotProject1</stat>
<stat pass="1" fail="0" id="s1-s1" name="Test">RobotProject1.Test</stat>
<stat pass="1" fail="0" id="s1-s1-s1" name="TestSuite1">RobotProject1.Test.TestSuite1</stat>
</suite>
</statistics>
<errors>
<msg timestamp="20200629 21:17:22.687" level="WARN">Accessing variable items using '@{CREDENTIALS}[0]' syntax is deprecated. Use '${CREDENTIALS}[0]' instead.</msg>
<msg timestamp="20200629 21:17:22.816" level="WARN">Accessing variable items using '&amp;{LOGINDATA}[password]' syntax is deprecated. Use '${LOGINDATA}[password]' instead.</msg>
</errors>
</robot>
